#
# There is insufficient memory for the Java Runtime Environment to continue.
# Native memory allocation (malloc) failed to allocate 1048976 bytes for Chunk::new
# Possible reasons:
#   The system is out of physical RAM or swap space
#   The process is running with CompressedOops enabled, and the Java Heap may be blocking the growth of the native heap
# Possible solutions:
#   Reduce memory load on the system
#   Increase physical memory or swap space
#   Check if swap backing store is full
#   Decrease Java heap size (-Xmx/-Xms)
#   Decrease number of Java threads
#   Decrease Java thread stack sizes (-Xss)
#   Set larger code cache with -XX:ReservedCodeCacheSize=
#   JVM is running with Unscaled Compressed Oops mode in which the Java heap is
#     placed in the first 4GB address space. The Java Heap base address is the
#     maximum limit for the native heap growth. Please use -XX:HeapBaseMinAddress
#     to set the Java Heap base and to place the Java Heap above 4GB virtual address.
# This output file may be truncated or incomplete.
#
#  Out of Memory Error (arena.cpp:189), pid=6916, tid=1348
#
# JRE version: OpenJDK Runtime Environment Corretto-17.0.5.8.1 (17.0.5+8) (build 17.0.5+8-LTS)
# Java VM: OpenJDK 64-Bit Server VM Corretto-17.0.5.8.1 (17.0.5+8-LTS, mixed mode, sharing, tiered, compressed oops, compressed class ptrs, g1 gc, windows-amd64)
# No core dump will be written. Minidumps are not enabled by default on client versions of Windows
#

---------------  S U M M A R Y ------------

Command Line: -ea -Didea.test.cyclic.buffer.size=1048576 -javaagent:C:\Program Files\JetBrains\IntelliJ IDEA 2022.2.3\lib\idea_rt.jar=53419:C:\Program Files\JetBrains\IntelliJ IDEA 2022.2.3\bin -Dfile.encoding=UTF-8 com.intellij.rt.junit.JUnitStarter -ideVersion5 -junit5 co.edu.icesi.viajes.icesiviajes.icesiviajes.Service.TipoDestinoTest

Host: Intel(R) Core(TM) i3-6100U CPU @ 2.30GHz, 4 cores, 3G,  Windows 10 , 64 bit Build 19041 (10.0.19041.3636)
Time: Wed Feb 28 23:43:53 2024 Hora est. Pacífico, Sudamérica elapsed time: 29.318926 seconds (0d 0h 0m 29s)

---------------  T H R E A D  ---------------

Current thread (0x0000019b7e33fb10):  JavaThread "C2 CompilerThread0" daemon [_thread_in_native, id=1348, stack(0x0000007ffae00000,0x0000007ffaf00000)]


Current CompileTask:
C2:  29319 5315       4       org.springframework.core.annotation.TypeMappedAnnotations::get (52 bytes)

Stack: [0x0000007ffae00000,0x0000007ffaf00000]
Native frames: (J=compiled Java code, j=interpreted, Vv=VM code, C=native code)
V  [jvm.dll+0x646e0a]
V  [jvm.dll+0x7f7f14]
V  [jvm.dll+0x7f96ce]
V  [jvm.dll+0x7f9d23]
V  [jvm.dll+0x234c98]
V  [jvm.dll+0xbccfc]
V  [jvm.dll+0xbd2dc]
V  [jvm.dll+0x29be82]
V  [jvm.dll+0x5538e8]
V  [jvm.dll+0x21176b]
V  [jvm.dll+0x20aeb0]
V  [jvm.dll+0x208722]
V  [jvm.dll+0x198a9d]
V  [jvm.dll+0x217bdd]
V  [jvm.dll+0x215e24]
V  [jvm.dll+0x7b06ab]
V  [jvm.dll+0x7aac5a]
V  [jvm.dll+0x645cd5]
C  [ucrtbase.dll+0x21bb2]
C  [KERNEL32.DLL+0x17344]
C  [ntdll.dll+0x526b1]


---------------  P R O C E S S  ---------------

Threads class SMR info:
_java_thread_list=0x0000019b1f02e9f0, length=15, elements={
0x0000019b798cb2a0, 0x0000019b79985ca0, 0x0000019b799872b0, 0x0000019b7e339f40,
0x0000019b7e33b910, 0x0000019b7e33e3d0, 0x0000019b7e33ed80, 0x0000019b7e33fb10,
0x0000019b7e3435d0, 0x0000019b7e364070, 0x0000019b7e40dff0, 0x0000019b7f0759c0,
0x0000019b7f0e9ee0, 0x0000019b1f1ca0e0, 0x0000019b1ea48250
}

Java Threads: ( => current thread )
  0x0000019b798cb2a0 JavaThread "main" [_thread_in_native, id=15072, stack(0x0000007ffa100000,0x0000007ffa200000)]
  0x0000019b79985ca0 JavaThread "Reference Handler" daemon [_thread_blocked, id=7252, stack(0x0000007ffa800000,0x0000007ffa900000)]
  0x0000019b799872b0 JavaThread "Finalizer" daemon [_thread_blocked, id=15024, stack(0x0000007ffa900000,0x0000007ffaa00000)]
  0x0000019b7e339f40 JavaThread "Signal Dispatcher" daemon [_thread_blocked, id=9440, stack(0x0000007ffaa00000,0x0000007ffab00000)]
  0x0000019b7e33b910 JavaThread "Attach Listener" daemon [_thread_blocked, id=11008, stack(0x0000007ffab00000,0x0000007ffac00000)]
  0x0000019b7e33e3d0 JavaThread "Service Thread" daemon [_thread_blocked, id=8860, stack(0x0000007ffac00000,0x0000007ffad00000)]
  0x0000019b7e33ed80 JavaThread "Monitor Deflation Thread" daemon [_thread_blocked, id=2192, stack(0x0000007ffad00000,0x0000007ffae00000)]
=>0x0000019b7e33fb10 JavaThread "C2 CompilerThread0" daemon [_thread_in_native, id=1348, stack(0x0000007ffae00000,0x0000007ffaf00000)]
  0x0000019b7e3435d0 JavaThread "C1 CompilerThread0" daemon [_thread_blocked, id=11256, stack(0x0000007ffaf00000,0x0000007ffb000000)]
  0x0000019b7e364070 JavaThread "Sweeper thread" daemon [_thread_blocked, id=12192, stack(0x0000007ffb000000,0x0000007ffb100000)]
  0x0000019b7e40dff0 JavaThread "Common-Cleaner" daemon [_thread_blocked, id=14372, stack(0x0000007ffb100000,0x0000007ffb200000)]
  0x0000019b7f0759c0 JavaThread "Monitor Ctrl-Break" daemon [_thread_in_native, id=12960, stack(0x0000007ffb200000,0x0000007ffb300000)]
  0x0000019b7f0e9ee0 JavaThread "Notification Thread" daemon [_thread_blocked, id=6440, stack(0x0000007ffb300000,0x0000007ffb400000)]
  0x0000019b1f1ca0e0 JavaThread "PostgreSQL-JDBC-Cleaner" daemon [_thread_blocked, id=10784, stack(0x0000007ffba00000,0x0000007ffbb00000)]
  0x0000019b1ea48250 JavaThread "HikariPool-1 housekeeper" daemon [_thread_blocked, id=8320, stack(0x0000007ffbb00000,0x0000007ffbc00000)]

Other Threads:
  0x0000019b79982050 VMThread "VM Thread" [stack: 0x0000007ffa700000,0x0000007ffa800000] [id=8248]
  0x0000019b7f075e90 WatcherThread [stack: 0x0000007ffb400000,0x0000007ffb500000] [id=10132]
  0x0000019b79905910 GCTaskThread "GC Thread#0" [stack: 0x0000007ffa200000,0x0000007ffa300000] [id=10260]
  0x0000019b7f911110 GCTaskThread "GC Thread#1" [stack: 0x0000007ffb600000,0x0000007ffb700000] [id=10632]
  0x0000019b7fb86fa0 GCTaskThread "GC Thread#2" [stack: 0x0000007ffb700000,0x0000007ffb800000] [id=13888]
  0x0000019b7f706930 GCTaskThread "GC Thread#3" [stack: 0x0000007ffb800000,0x0000007ffb900000] [id=13492]
  0x0000019b79910520 ConcurrentGCThread "G1 Main Marker" [stack: 0x0000007ffa300000,0x0000007ffa400000] [id=2176]
  0x0000019b79911f40 ConcurrentGCThread "G1 Conc#0" [stack: 0x0000007ffa400000,0x0000007ffa500000] [id=10656]
  0x0000019b79960b70 ConcurrentGCThread "G1 Refine#0" [stack: 0x0000007ffa500000,0x0000007ffa600000] [id=13988]
  0x0000019b7f6d4f70 ConcurrentGCThread "G1 Refine#1" [stack: 0x0000007ffb900000,0x0000007ffba00000] [id=13956]
  0x0000019b799625a0 ConcurrentGCThread "G1 Service" [stack: 0x0000007ffa600000,0x0000007ffa700000] [id=6404]

Threads with active compile tasks:
C2 CompilerThread0    29399 5315       4       org.springframework.core.annotation.TypeMappedAnnotations::get (52 bytes)

VM state: not at safepoint (normal execution)

VM Mutex/Monitor currently owned by a thread: None

Heap address: 0x00000000c1a00000, size: 998 MB, Compressed Oops mode: 32-bit

CDS archive(s) mapped at: [0x0000000800000000-0x0000000800bc0000-0x0000000800bc0000), size 12320768, SharedBaseAddress: 0x0000000800000000, ArchiveRelocationMode: 0.
Compressed class space mapped at: 0x0000000800c00000-0x0000000840c00000, reserved size: 1073741824
Narrow klass base: 0x0000000800000000, Narrow klass shift: 0, Narrow klass range: 0x100000000

GC Precious Log:
 CPUs: 4 total, 4 available
 Memory: 3984M
 Large Page Support: Disabled
 NUMA Support: Disabled
 Compressed Oops: Enabled (32-bit)
 Heap Region Size: 1M
 Heap Min Capacity: 8M
 Heap Initial Capacity: 64M
 Heap Max Capacity: 998M
 Pre-touch: Disabled
 Parallel Workers: 4
 Concurrent Workers: 1
 Concurrent Refinement Workers: 4
 Periodic GC: Disabled

Heap:
 garbage-first heap   total 61440K, used 31566K [0x00000000c1a00000, 0x0000000100000000)
  region size 1024K, 7 young (7168K), 2 survivors (2048K)
 Metaspace       used 57540K, committed 58112K, reserved 1105920K
  class space    used 8001K, committed 8256K, reserved 1048576K

Heap Regions: E=young(eden), S=young(survivor), O=old, HS=humongous(starts), HC=humongous(continues), CS=collection set, F=free, OA=open archive, CA=closed archive, TAMS=top-at-mark-start (previous, next)
|   0|0x00000000c1a00000, 0x00000000c1b00000, 0x00000000c1b00000|100%|HS|  |TAMS 0x00000000c1b00000, 0x00000000c1a00000| Complete 
|   1|0x00000000c1b00000, 0x00000000c1c00000, 0x00000000c1c00000|100%| O|  |TAMS 0x00000000c1c00000, 0x00000000c1b00000| Untracked 
|   2|0x00000000c1c00000, 0x00000000c1d00000, 0x00000000c1d00000|100%| O|  |TAMS 0x00000000c1d00000, 0x00000000c1c00000| Untracked 
|   3|0x00000000c1d00000, 0x00000000c1e00000, 0x00000000c1e00000|100%| O|  |TAMS 0x00000000c1e00000, 0x00000000c1d00000| Untracked 
|   4|0x00000000c1e00000, 0x00000000c1f00000, 0x00000000c1f00000|100%| O|  |TAMS 0x00000000c1f00000, 0x00000000c1e00000| Untracked 
|   5|0x00000000c1f00000, 0x00000000c2000000, 0x00000000c2000000|100%| O|  |TAMS 0x00000000c2000000, 0x00000000c1f00000| Untracked 
|   6|0x00000000c2000000, 0x00000000c2100000, 0x00000000c2100000|100%| O|  |TAMS 0x00000000c2100000, 0x00000000c2000000| Untracked 
|   7|0x00000000c2100000, 0x00000000c2200000, 0x00000000c2200000|100%| O|  |TAMS 0x00000000c2200000, 0x00000000c2100000| Untracked 
|   8|0x00000000c2200000, 0x00000000c2300000, 0x00000000c2300000|100%| O|  |TAMS 0x00000000c2300000, 0x00000000c2200000| Untracked 
|   9|0x00000000c2300000, 0x00000000c2400000, 0x00000000c2400000|100%| O|  |TAMS 0x00000000c2400000, 0x00000000c2300000| Untracked 
|  10|0x00000000c2400000, 0x00000000c2500000, 0x00000000c2500000|100%| O|  |TAMS 0x00000000c2500000, 0x00000000c2400000| Untracked 
|  11|0x00000000c2500000, 0x00000000c2600000, 0x00000000c2600000|100%| O|  |TAMS 0x00000000c2600000, 0x00000000c2500000| Untracked 
|  12|0x00000000c2600000, 0x00000000c2700000, 0x00000000c2700000|100%| O|  |TAMS 0x00000000c2700000, 0x00000000c2600000| Untracked 
|  13|0x00000000c2700000, 0x00000000c2800000, 0x00000000c2800000|100%| O|  |TAMS 0x00000000c2800000, 0x00000000c2700000| Untracked 
|  14|0x00000000c2800000, 0x00000000c2900000, 0x00000000c2900000|100%| O|  |TAMS 0x00000000c2900000, 0x00000000c2800000| Untracked 
|  15|0x00000000c2900000, 0x00000000c2a00000, 0x00000000c2a00000|100%| O|  |TAMS 0x00000000c2a00000, 0x00000000c2900000| Untracked 
|  16|0x00000000c2a00000, 0x00000000c2b00000, 0x00000000c2b00000|100%| O|  |TAMS 0x00000000c2b00000, 0x00000000c2a00000| Untracked 
|  17|0x00000000c2b00000, 0x00000000c2c00000, 0x00000000c2c00000|100%| O|  |TAMS 0x00000000c2c00000, 0x00000000c2b00000| Untracked 
|  18|0x00000000c2c00000, 0x00000000c2d00000, 0x00000000c2d00000|100%| O|  |TAMS 0x00000000c2d00000, 0x00000000c2c00000| Untracked 
|  19|0x00000000c2d00000, 0x00000000c2e00000, 0x00000000c2e00000|100%| O|  |TAMS 0x00000000c2e00000, 0x00000000c2d00000| Untracked 
|  20|0x00000000c2e00000, 0x00000000c2f00000, 0x00000000c2f00000|100%| O|  |TAMS 0x00000000c2f00000, 0x00000000c2e00000| Untracked 
|  21|0x00000000c2f00000, 0x00000000c3000000, 0x00000000c3000000|100%| O|  |TAMS 0x00000000c3000000, 0x00000000c2f00000| Untracked 
|  22|0x00000000c3000000, 0x00000000c3100000, 0x00000000c3100000|100%| O|  |TAMS 0x00000000c307f400, 0x00000000c3000000| Untracked 
|  23|0x00000000c3100000, 0x00000000c3200000, 0x00000000c3200000|100%| O|  |TAMS 0x00000000c3100000, 0x00000000c3100000| Untracked 
|  24|0x00000000c3200000, 0x00000000c3300000, 0x00000000c3300000|100%| O|  |TAMS 0x00000000c3200000, 0x00000000c3200000| Untracked 
|  25|0x00000000c3300000, 0x00000000c3356200, 0x00000000c3400000| 33%| O|  |TAMS 0x00000000c3300000, 0x00000000c3300000| Untracked 
|  26|0x00000000c3400000, 0x00000000c3400000, 0x00000000c3500000|  0%| F|  |TAMS 0x00000000c3400000, 0x00000000c3400000| Untracked 
|  27|0x00000000c3500000, 0x00000000c3500000, 0x00000000c3600000|  0%| F|  |TAMS 0x00000000c3500000, 0x00000000c3500000| Untracked 
|  28|0x00000000c3600000, 0x00000000c3600000, 0x00000000c3700000|  0%| F|  |TAMS 0x00000000c3600000, 0x00000000c3600000| Untracked 
|  29|0x00000000c3700000, 0x00000000c3700000, 0x00000000c3800000|  0%| F|  |TAMS 0x00000000c3700000, 0x00000000c3700000| Untracked 
|  30|0x00000000c3800000, 0x00000000c3800000, 0x00000000c3900000|  0%| F|  |TAMS 0x00000000c3800000, 0x00000000c3800000| Untracked 
|  31|0x00000000c3900000, 0x00000000c3900000, 0x00000000c3a00000|  0%| F|  |TAMS 0x00000000c3900000, 0x00000000c3900000| Untracked 
|  32|0x00000000c3a00000, 0x00000000c3a00000, 0x00000000c3b00000|  0%| F|  |TAMS 0x00000000c3a00000, 0x00000000c3a00000| Untracked 
|  33|0x00000000c3b00000, 0x00000000c3b7d680, 0x00000000c3c00000| 48%| S|CS|TAMS 0x00000000c3b00000, 0x00000000c3b00000| Complete 
|  34|0x00000000c3c00000, 0x00000000c3d00000, 0x00000000c3d00000|100%| S|CS|TAMS 0x00000000c3c00000, 0x00000000c3c00000| Complete 
|  35|0x00000000c3d00000, 0x00000000c3d00000, 0x00000000c3e00000|  0%| F|  |TAMS 0x00000000c3d00000, 0x00000000c3d00000| Untracked 
|  36|0x00000000c3e00000, 0x00000000c3e00000, 0x00000000c3f00000|  0%| F|  |TAMS 0x00000000c3e00000, 0x00000000c3e00000| Untracked 
|  37|0x00000000c3f00000, 0x00000000c3f00000, 0x00000000c4000000|  0%| F|  |TAMS 0x00000000c3f00000, 0x00000000c3f00000| Untracked 
|  38|0x00000000c4000000, 0x00000000c4000000, 0x00000000c4100000|  0%| F|  |TAMS 0x00000000c4000000, 0x00000000c4000000| Untracked 
|  39|0x00000000c4100000, 0x00000000c4100000, 0x00000000c4200000|  0%| F|  |TAMS 0x00000000c4100000, 0x00000000c4100000| Untracked 
|  40|0x00000000c4200000, 0x00000000c4200000, 0x00000000c4300000|  0%| F|  |TAMS 0x00000000c4200000, 0x00000000c4200000| Untracked 
|  41|0x00000000c4300000, 0x00000000c4300000, 0x00000000c4400000|  0%| F|  |TAMS 0x00000000c4300000, 0x00000000c4300000| Untracked 
|  42|0x00000000c4400000, 0x00000000c4400000, 0x00000000c4500000|  0%| F|  |TAMS 0x00000000c4400000, 0x00000000c4400000| Untracked 
|  43|0x00000000c4500000, 0x00000000c4500000, 0x00000000c4600000|  0%| F|  |TAMS 0x00000000c4500000, 0x00000000c4500000| Untracked 
|  44|0x00000000c4600000, 0x00000000c4600000, 0x00000000c4700000|  0%| F|  |TAMS 0x00000000c4600000, 0x00000000c4600000| Untracked 
|  45|0x00000000c4700000, 0x00000000c4700000, 0x00000000c4800000|  0%| F|  |TAMS 0x00000000c4700000, 0x00000000c4700000| Untracked 
|  46|0x00000000c4800000, 0x00000000c4800000, 0x00000000c4900000|  0%| F|  |TAMS 0x00000000c4800000, 0x00000000c4800000| Untracked 
|  47|0x00000000c4900000, 0x00000000c4900000, 0x00000000c4a00000|  0%| F|  |TAMS 0x00000000c4900000, 0x00000000c4900000| Untracked 
|  48|0x00000000c4a00000, 0x00000000c4a00000, 0x00000000c4b00000|  0%| F|  |TAMS 0x00000000c4a00000, 0x00000000c4a00000| Untracked 
|  49|0x00000000c4b00000, 0x00000000c4b00000, 0x00000000c4c00000|  0%| F|  |TAMS 0x00000000c4b00000, 0x00000000c4b00000| Untracked 
|  50|0x00000000c4c00000, 0x00000000c4c00000, 0x00000000c4d00000|  0%| F|  |TAMS 0x00000000c4c00000, 0x00000000c4c00000| Untracked 
|  51|0x00000000c4d00000, 0x00000000c4d00000, 0x00000000c4e00000|  0%| F|  |TAMS 0x00000000c4d00000, 0x00000000c4d00000| Untracked 
|  52|0x00000000c4e00000, 0x00000000c4e00000, 0x00000000c4f00000|  0%| F|  |TAMS 0x00000000c4e00000, 0x00000000c4e00000| Untracked 
|  53|0x00000000c4f00000, 0x00000000c4f00000, 0x00000000c5000000|  0%| F|  |TAMS 0x00000000c4f00000, 0x00000000c4f00000| Untracked 
|  54|0x00000000c5000000, 0x00000000c5000000, 0x00000000c5100000|  0%| F|  |TAMS 0x00000000c5000000, 0x00000000c5000000| Untracked 
|  55|0x00000000c5100000, 0x00000000c516a490, 0x00000000c5200000| 41%| E|  |TAMS 0x00000000c5100000, 0x00000000c5100000| Complete 
|  56|0x00000000c5200000, 0x00000000c5300000, 0x00000000c5300000|100%| E|CS|TAMS 0x00000000c5200000, 0x00000000c5200000| Complete 
|  57|0x00000000c5300000, 0x00000000c5400000, 0x00000000c5400000|100%| E|CS|TAMS 0x00000000c5300000, 0x00000000c5300000| Complete 
|  58|0x00000000c5400000, 0x00000000c5500000, 0x00000000c5500000|100%| E|CS|TAMS 0x00000000c5400000, 0x00000000c5400000| Complete 
|  63|0x00000000c5900000, 0x00000000c5a00000, 0x00000000c5a00000|100%| E|CS|TAMS 0x00000000c5900000, 0x00000000c5900000| Complete 

Card table byte_map: [0x0000019b79b90000,0x0000019b79d90000] _byte_map_base: 0x0000019b79583000

Marking Bits (Prev, Next): (CMBitMap*) 0x0000019b79905f20, (CMBitMap*) 0x0000019b79905f60
 Prev Bits: [0x0000019b79f90000, 0x0000019b7af28000)
 Next Bits: [0x0000019b7af30000, 0x0000019b7bec8000)

Polling page: 0x0000019b77610000

Metaspace:

Usage:
  Non-class:     48.38 MB used.
      Class:      7.81 MB used.
       Both:     56.19 MB used.

Virtual space:
  Non-class space:       56.00 MB reserved,      48.69 MB ( 87%) committed,  7 nodes.
      Class space:        1.00 GB reserved,       8.06 MB ( <1%) committed,  1 nodes.
             Both:        1.05 GB reserved,      56.75 MB (  5%) committed. 

Chunk freelists:
   Non-Class:  2.50 MB
       Class:  3.97 MB
        Both:  6.46 MB

MaxMetaspaceSize: unlimited
CompressedClassSpaceSize: 1.00 GB
Initial GC threshold: 21.00 MB
Current GC threshold: 93.25 MB
CDS: on
MetaspaceReclaimPolicy: balanced
 - commit_granule_bytes: 65536.
 - commit_granule_words: 8192.
 - virtual_space_node_default_size: 1048576.
 - enlarge_chunks_in_place: 1.
 - new_chunks_are_fully_committed: 0.
 - uncommit_free_chunks: 1.
 - use_allocation_guard: 0.
 - handle_deallocations: 1.


Internal statistics:

num_allocs_failed_limit: 6.
num_arena_births: 598.
num_arena_deaths: 0.
num_vsnodes_births: 8.
num_vsnodes_deaths: 0.
num_space_committed: 908.
num_space_uncommitted: 0.
num_chunks_returned_to_freelist: 6.
num_chunks_taken_from_freelist: 2718.
num_chunk_merges: 6.
num_chunk_splits: 1952.
num_chunks_enlarged: 1551.
num_purges: 0.
num_inconsistent_stats: 0.

CodeHeap 'non-profiled nmethods': size=120000Kb used=3371Kb max_used=3371Kb free=116628Kb
 bounds [0x0000019b0f500000, 0x0000019b0f850000, 0x0000019b16a30000]
CodeHeap 'profiled nmethods': size=120000Kb used=11252Kb max_used=11252Kb free=108747Kb
 bounds [0x0000019b07fd0000, 0x0000019b08ad0000, 0x0000019b0f500000]
CodeHeap 'non-nmethods': size=5760Kb used=1296Kb max_used=1387Kb free=4463Kb
 bounds [0x0000019b07a30000, 0x0000019b07ca0000, 0x0000019b07fd0000]
 total_blobs=6168 nmethods=5548 adapters=531
 compilation: enabled
              stopped_count=0, restarted_count=0
 full_count=0

Compilation events (20 events):
Event: 29.092 Thread 0x0000019b7e33fb10 nmethod 5103 0x0000019b0f846d90 code [0x0000019b0f846f00, 0x0000019b0f846f98]
Event: 29.093 Thread 0x0000019b7e33fb10 5265       4       java.util.Collections$EmptyMap::values (4 bytes)
Event: 29.093 Thread 0x0000019b7e33fb10 nmethod 5265 0x0000019b0f847090 code [0x0000019b0f847200, 0x0000019b0f847278]
Event: 29.093 Thread 0x0000019b7e33fb10 5266       4       java.util.Collections$EmptySet::toArray (11 bytes)
Event: 29.093 Thread 0x0000019b7e33fb10 nmethod 5266 0x0000019b0f847390 code [0x0000019b0f847500, 0x0000019b0f847598]
Event: 29.093 Thread 0x0000019b7e33fb10 5127       4       org.springframework.core.annotation.AnnotationsScanner::isWithoutHierarchy (119 bytes)
Event: 29.113 Thread 0x0000019b7e33fb10 nmethod 5127 0x0000019b0f847690 code [0x0000019b0f8478c0, 0x0000019b0f848878]
Event: 29.113 Thread 0x0000019b7e33fb10 5295       4       org.springframework.core.annotation.TypeMappedAnnotations$MergedAnnotationFinder::doWithAnnotations (10 bytes)
Event: 29.114 Thread 0x0000019b7e33fb10 nmethod 5295 0x0000019b0f849090 code [0x0000019b0f849220, 0x0000019b0f8492c8]
Event: 29.114 Thread 0x0000019b7e33fb10 5190       4       org.springframework.core.annotation.AnnotationsScanner::hasPlainJavaAnnotationsOnly (41 bytes)
Event: 29.120 Thread 0x0000019b7e33fb10 nmethod 5190 0x0000019b0f849390 code [0x0000019b0f849540, 0x0000019b0f849878]
Event: 29.120 Thread 0x0000019b7e33fb10 5101       4       java.util.stream.AbstractPipeline::<init> (91 bytes)
Event: 29.124 Thread 0x0000019b7e33fb10 nmethod 5101 0x0000019b0f849b90 code [0x0000019b0f849d20, 0x0000019b0f84a158]
Event: 29.125 Thread 0x0000019b7e33fb10 5536       4       java.util.stream.Sink$ChainedReference::<init> (16 bytes)
Event: 29.127 Thread 0x0000019b7e33fb10 nmethod 5536 0x0000019b0f84a290 code [0x0000019b0f84a400, 0x0000019b0f84a5d8]
Event: 29.127 Thread 0x0000019b7e33fb10 5102       4       java.util.stream.Sink$ChainedReference::end (10 bytes)
Event: 29.127 Thread 0x0000019b7e33fb10 nmethod 5102 0x0000019b0f84a690 code [0x0000019b0f84a800, 0x0000019b0f84a898]
Event: 29.127 Thread 0x0000019b7e33fb10 5004       4       java.lang.reflect.Method::copy (84 bytes)
Event: 29.131 Thread 0x0000019b7e33fb10 nmethod 5004 0x0000019b0f84a990 code [0x0000019b0f84ab20, 0x0000019b0f84ae38]
Event: 29.131 Thread 0x0000019b7e33fb10 5315       4       org.springframework.core.annotation.TypeMappedAnnotations::get (52 bytes)

GC Heap History (20 events):
Event: 16.248 GC heap before
{Heap before GC invocations=9 (full 0):
 garbage-first heap   total 51200K, used 36992K [0x00000000c1a00000, 0x0000000100000000)
  region size 1024K, 23 young (23552K), 3 survivors (3072K)
 Metaspace       used 32052K, committed 32512K, reserved 1081344K
  class space    used 4159K, committed 4352K, reserved 1048576K
}
Event: 16.261 GC heap after
{Heap after GC invocations=10 (full 0):
 garbage-first heap   total 51200K, used 17834K [0x00000000c1a00000, 0x0000000100000000)
  region size 1024K, 2 young (2048K), 2 survivors (2048K)
 Metaspace       used 32052K, committed 32512K, reserved 1081344K
  class space    used 4159K, committed 4352K, reserved 1048576K
}
Event: 17.745 GC heap before
{Heap before GC invocations=10 (full 0):
 garbage-first heap   total 51200K, used 35242K [0x00000000c1a00000, 0x0000000100000000)
  region size 1024K, 20 young (20480K), 2 survivors (2048K)
 Metaspace       used 35573K, committed 35968K, reserved 1081344K
  class space    used 4702K, committed 4928K, reserved 1048576K
}
Event: 17.754 GC heap after
{Heap after GC invocations=11 (full 0):
 garbage-first heap   total 51200K, used 18755K [0x00000000c1a00000, 0x0000000100000000)
  region size 1024K, 3 young (3072K), 3 survivors (3072K)
 Metaspace       used 35573K, committed 35968K, reserved 1081344K
  class space    used 4702K, committed 4928K, reserved 1048576K
}
Event: 19.694 GC heap before
{Heap before GC invocations=12 (full 0):
 garbage-first heap   total 51200K, used 38211K [0x00000000c1a00000, 0x0000000100000000)
  region size 1024K, 22 young (22528K), 3 survivors (3072K)
 Metaspace       used 39844K, committed 40256K, reserved 1089536K
  class space    used 5378K, committed 5568K, reserved 1048576K
}
Event: 19.706 GC heap after
{Heap after GC invocations=13 (full 0):
 garbage-first heap   total 51200K, used 19707K [0x00000000c1a00000, 0x0000000100000000)
  region size 1024K, 2 young (2048K), 2 survivors (2048K)
 Metaspace       used 39844K, committed 40256K, reserved 1089536K
  class space    used 5378K, committed 5568K, reserved 1048576K
}
Event: 21.366 GC heap before
{Heap before GC invocations=13 (full 0):
 garbage-first heap   total 51200K, used 39163K [0x00000000c1a00000, 0x0000000100000000)
  region size 1024K, 22 young (22528K), 2 survivors (2048K)
 Metaspace       used 45335K, committed 45696K, reserved 1089536K
  class space    used 6162K, committed 6336K, reserved 1048576K
}
Event: 21.377 GC heap after
{Heap after GC invocations=14 (full 0):
 garbage-first heap   total 51200K, used 20642K [0x00000000c1a00000, 0x0000000100000000)
  region size 1024K, 2 young (2048K), 2 survivors (2048K)
 Metaspace       used 45335K, committed 45696K, reserved 1089536K
  class space    used 6162K, committed 6336K, reserved 1048576K
}
Event: 22.833 GC heap before
{Heap before GC invocations=14 (full 0):
 garbage-first heap   total 51200K, used 40098K [0x00000000c1a00000, 0x0000000100000000)
  region size 1024K, 21 young (21504K), 2 survivors (2048K)
 Metaspace       used 48739K, committed 49216K, reserved 1097728K
  class space    used 6761K, committed 6976K, reserved 1048576K
}
Event: 22.843 GC heap after
{Heap after GC invocations=15 (full 0):
 garbage-first heap   total 51200K, used 21463K [0x00000000c1a00000, 0x0000000100000000)
  region size 1024K, 2 young (2048K), 2 survivors (2048K)
 Metaspace       used 48739K, committed 49216K, reserved 1097728K
  class space    used 6761K, committed 6976K, reserved 1048576K
}
Event: 24.091 GC heap before
{Heap before GC invocations=15 (full 0):
 garbage-first heap   total 51200K, used 40919K [0x00000000c1a00000, 0x0000000100000000)
  region size 1024K, 21 young (21504K), 2 survivors (2048K)
 Metaspace       used 52648K, committed 53120K, reserved 1097728K
  class space    used 7264K, committed 7488K, reserved 1048576K
}
Event: 24.105 GC heap after
{Heap after GC invocations=16 (full 0):
 garbage-first heap   total 51200K, used 23135K [0x00000000c1a00000, 0x0000000100000000)
  region size 1024K, 3 young (3072K), 3 survivors (3072K)
 Metaspace       used 52648K, committed 53120K, reserved 1097728K
  class space    used 7264K, committed 7488K, reserved 1048576K
}
Event: 24.742 GC heap before
{Heap before GC invocations=16 (full 0):
 garbage-first heap   total 51200K, used 40543K [0x00000000c1a00000, 0x0000000100000000)
  region size 1024K, 20 young (20480K), 3 survivors (3072K)
 Metaspace       used 53332K, committed 53760K, reserved 1097728K
  class space    used 7369K, committed 7552K, reserved 1048576K
}
Event: 24.753 GC heap after
{Heap after GC invocations=17 (full 0):
 garbage-first heap   total 51200K, used 23811K [0x00000000c1a00000, 0x0000000100000000)
  region size 1024K, 1 young (1024K), 1 survivors (1024K)
 Metaspace       used 53332K, committed 53760K, reserved 1097728K
  class space    used 7369K, committed 7552K, reserved 1048576K
}
Event: 25.355 GC heap before
{Heap before GC invocations=17 (full 0):
 garbage-first heap   total 51200K, used 41219K [0x00000000c1a00000, 0x0000000100000000)
  region size 1024K, 18 young (18432K), 1 survivors (1024K)
 Metaspace       used 54090K, committed 54528K, reserved 1097728K
  class space    used 7440K, committed 7616K, reserved 1048576K
}
Event: 25.363 GC heap after
{Heap after GC invocations=18 (full 0):
 garbage-first heap   total 51200K, used 24301K [0x00000000c1a00000, 0x0000000100000000)
  region size 1024K, 2 young (2048K), 2 survivors (2048K)
 Metaspace       used 54090K, committed 54528K, reserved 1097728K
  class space    used 7440K, committed 7616K, reserved 1048576K
}
Event: 26.630 GC heap before
{Heap before GC invocations=19 (full 0):
 garbage-first heap   total 51200K, used 41709K [0x00000000c1a00000, 0x0000000100000000)
  region size 1024K, 19 young (19456K), 2 survivors (2048K)
 Metaspace       used 55517K, committed 55936K, reserved 1097728K
  class space    used 7706K, committed 7872K, reserved 1048576K
}
Event: 26.645 GC heap after
{Heap after GC invocations=20 (full 0):
 garbage-first heap   total 51200K, used 26109K [0x00000000c1a00000, 0x0000000100000000)
  region size 1024K, 3 young (3072K), 3 survivors (3072K)
 Metaspace       used 55517K, committed 55936K, reserved 1097728K
  class space    used 7706K, committed 7872K, reserved 1048576K
}
Event: 27.449 GC heap before
{Heap before GC invocations=20 (full 0):
 garbage-first heap   total 51200K, used 41469K [0x00000000c1a00000, 0x0000000100000000)
  region size 1024K, 18 young (18432K), 3 survivors (3072K)
 Metaspace       used 56795K, committed 57216K, reserved 1097728K
  class space    used 7888K, committed 8064K, reserved 1048576K
}
Event: 27.468 GC heap after
{Heap after GC invocations=21 (full 0):
 garbage-first heap   total 61440K, used 27470K [0x00000000c1a00000, 0x0000000100000000)
  region size 1024K, 2 young (2048K), 2 survivors (2048K)
 Metaspace       used 56795K, committed 57216K, reserved 1097728K
  class space    used 7888K, committed 8064K, reserved 1048576K
}

Dll operation events (13 events):
Event: 0.064 Loaded shared library C:\Users\Andrés\.jdks\corretto-17.0.5\bin\java.dll
Event: 0.105 Loaded shared library C:\Users\Andrés\.jdks\corretto-17.0.5\bin\jsvml.dll
Event: 0.525 Loaded shared library C:\Users\Andrés\.jdks\corretto-17.0.5\bin\zip.dll
Event: 0.541 Loaded shared library C:\Users\Andrés\.jdks\corretto-17.0.5\bin\instrument.dll
Event: 0.560 Loaded shared library C:\Users\Andrés\.jdks\corretto-17.0.5\bin\net.dll
Event: 0.564 Loaded shared library C:\Users\Andrés\.jdks\corretto-17.0.5\bin\nio.dll
Event: 0.575 Loaded shared library C:\Users\Andrés\.jdks\corretto-17.0.5\bin\zip.dll
Event: 0.596 Loaded shared library C:\Program Files\JetBrains\IntelliJ IDEA 2022.2.3\bin\breakgen64.dll
Event: 1.024 Loaded shared library C:\Users\Andrés\.jdks\corretto-17.0.5\bin\jimage.dll
Event: 8.885 Loaded shared library C:\Users\Andrés\.jdks\corretto-17.0.5\bin\sunmscapi.dll
Event: 14.600 Loaded shared library C:\Users\Andrés\.jdks\corretto-17.0.5\bin\management.dll
Event: 14.669 Loaded shared library C:\Users\Andrés\.jdks\corretto-17.0.5\bin\management_ext.dll
Event: 17.363 Loaded shared library C:\Users\Andrés\.jdks\corretto-17.0.5\bin\verify.dll

Deoptimization events (20 events):
Event: 27.149 Thread 0x0000019b798cb2a0 Uncommon trap: trap_request=0xffffff45 fr.pc=0x0000019b0f6a7da4 relative=0x0000000000000aa4
Event: 27.149 Thread 0x0000019b798cb2a0 Uncommon trap: reason=unstable_if action=reinterpret pc=0x0000019b0f6a7da4 method=org.springframework.beans.factory.support.DefaultSingletonBeanRegistry.getSingleton(Ljava/lang/String;Z)Ljava/lang/Object; @ 39 c2
Event: 27.149 Thread 0x0000019b798cb2a0 DEOPT PACKING pc=0x0000019b0f6a7da4 sp=0x0000007ffa1fb6d0
Event: 27.149 Thread 0x0000019b798cb2a0 DEOPT UNPACKING pc=0x0000019b07a823a3 sp=0x0000007ffa1fb668 mode 2
Event: 27.228 Thread 0x0000019b798cb2a0 Uncommon trap: trap_request=0xfffffff4 fr.pc=0x0000019b0f670264 relative=0x0000000000000244
Event: 27.228 Thread 0x0000019b798cb2a0 Uncommon trap: reason=null_check action=make_not_entrant pc=0x0000019b0f670264 method=org.springframework.util.ClassUtils.isAssignable(Ljava/lang/Class;Ljava/lang/Class;)Z @ 14 c2
Event: 27.228 Thread 0x0000019b798cb2a0 DEOPT PACKING pc=0x0000019b0f670264 sp=0x0000007ffa1fbb20
Event: 27.228 Thread 0x0000019b798cb2a0 DEOPT UNPACKING pc=0x0000019b07a823a3 sp=0x0000007ffa1fbab0 mode 2
Event: 27.633 Thread 0x0000019b798cb2a0 Uncommon trap: trap_request=0xffffff45 fr.pc=0x0000019b0f5b74e0 relative=0x0000000000000060
Event: 27.633 Thread 0x0000019b798cb2a0 Uncommon trap: reason=unstable_if action=reinterpret pc=0x0000019b0f5b74e0 method=org.springframework.util.ConcurrentReferenceHashMap$Segment.clear()V @ 7 c2
Event: 27.633 Thread 0x0000019b798cb2a0 DEOPT PACKING pc=0x0000019b0f5b74e0 sp=0x0000007ffa1fc460
Event: 27.633 Thread 0x0000019b798cb2a0 DEOPT UNPACKING pc=0x0000019b07a823a3 sp=0x0000007ffa1fc3f0 mode 2
Event: 27.952 Thread 0x0000019b798cb2a0 Uncommon trap: trap_request=0xffffffde fr.pc=0x0000019b0f63c0c4 relative=0x00000000000019a4
Event: 27.952 Thread 0x0000019b798cb2a0 Uncommon trap: reason=class_check action=maybe_recompile pc=0x0000019b0f63c0c4 method=java.util.zip.InflaterInputStream.read([BII)I @ 100 c2
Event: 27.952 Thread 0x0000019b798cb2a0 DEOPT PACKING pc=0x0000019b0f63c0c4 sp=0x0000007ffa1f9b60
Event: 27.952 Thread 0x0000019b798cb2a0 DEOPT UNPACKING pc=0x0000019b07a823a3 sp=0x0000007ffa1f9bb0 mode 2
Event: 27.952 Thread 0x0000019b798cb2a0 Uncommon trap: trap_request=0xffffffde fr.pc=0x0000019b0f63c0c4 relative=0x00000000000019a4
Event: 27.952 Thread 0x0000019b798cb2a0 Uncommon trap: reason=class_check action=maybe_recompile pc=0x0000019b0f63c0c4 method=java.util.zip.InflaterInputStream.read([BII)I @ 100 c2
Event: 27.952 Thread 0x0000019b798cb2a0 DEOPT PACKING pc=0x0000019b0f63c0c4 sp=0x0000007ffa1f9b60
Event: 27.952 Thread 0x0000019b798cb2a0 DEOPT UNPACKING pc=0x0000019b07a823a3 sp=0x0000007ffa1f9bb0 mode 2

Classes unloaded (0 events):
No events

Classes redefined (0 events):
No events

Internal exceptions (20 events):
Event: 23.791 Thread 0x0000019b798cb2a0 Exception <a 'java/lang/IncompatibleClassChangeError'{0x00000000c3d6f680}: Found class java.lang.Object, but interface was expected> (0x00000000c3d6f680) 
thrown [s\src\hotspot\share\interpreter\linkResolver.cpp, line 826]
Event: 24.299 Thread 0x0000019b798cb2a0 Exception <a 'java/lang/IncompatibleClassChangeError'{0x00000000c495a3e0}: Found class java.lang.Object, but interface was expected> (0x00000000c495a3e0) 
thrown [s\src\hotspot\share\interpreter\linkResolver.cpp, line 826]
Event: 25.464 Thread 0x0000019b798cb2a0 Exception <a 'java/lang/NoSuchMethodError'{0x00000000c59fa780}: 'void java.lang.invoke.DirectMethodHandle$Holder.invokeInterface(java.lang.Object, java.lang.Object, int)'> (0x00000000c59fa780) 
thrown [s\src\hotspot\share\interpreter\linkResolver.cpp, line 759]
Event: 25.480 Thread 0x0000019b798cb2a0 Exception <a 'java/lang/IncompatibleClassChangeError'{0x00000000c4a49c18}: Found class java.lang.Object, but interface was expected> (0x00000000c4a49c18) 
thrown [s\src\hotspot\share\interpreter\linkResolver.cpp, line 826]
Event: 25.484 Thread 0x0000019b798cb2a0 Exception <a 'java/lang/NoSuchMethodError'{0x00000000c4a5a950}: 'int java.lang.invoke.DirectMethodHandle$Holder.invokeSpecialIFC(java.lang.Object, java.lang.Object, java.lang.Object)'> (0x00000000c4a5a950) 
thrown [s\src\hotspot\share\interpreter\linkResolver.cpp, line 759]
Event: 25.486 Thread 0x0000019b798cb2a0 Exception <a 'java/lang/NoSuchMethodError'{0x00000000c4a68828}: 'void java.lang.invoke.DirectMethodHandle$Holder.invokeStatic(java.lang.Object, int, java.lang.Object)'> (0x00000000c4a68828) 
thrown [s\src\hotspot\share\interpreter\linkResolver.cpp, line 759]
Event: 26.390 Thread 0x0000019b798cb2a0 Exception <a 'sun/nio/fs/WindowsException'{0x00000000c3f48d20}> (0x00000000c3f48d20) 
thrown [s\src\hotspot\share\prims\jni.cpp, line 516]
Event: 26.395 Thread 0x0000019b798cb2a0 Exception <a 'sun/nio/fs/WindowsException'{0x00000000c3f53988}> (0x00000000c3f53988) 
thrown [s\src\hotspot\share\prims\jni.cpp, line 516]
Event: 26.708 Thread 0x0000019b798cb2a0 Exception <a 'java/lang/IncompatibleClassChangeError'{0x00000000c59deae8}: Found class java.lang.Object, but interface was expected> (0x00000000c59deae8) 
thrown [s\src\hotspot\share\interpreter\linkResolver.cpp, line 826]
Event: 26.903 Thread 0x0000019b798cb2a0 Exception <a 'java/lang/NoSuchMethodError'{0x00000000c49a0030}: 'void java.lang.invoke.DirectMethodHandle$Holder.invokeVirtual(java.lang.Object, java.lang.Object, int)'> (0x00000000c49a0030) 
thrown [s\src\hotspot\share\interpreter\linkResolver.cpp, line 759]
Event: 26.911 Thread 0x0000019b798cb2a0 Exception <a 'java/lang/NoSuchMethodError'{0x00000000c49c7c08}: 'void java.lang.invoke.DirectMethodHandle$Holder.invokeVirtual(java.lang.Object, java.lang.Object, long)'> (0x00000000c49c7c08) 
thrown [s\src\hotspot\share\interpreter\linkResolver.cpp, line 759]
Event: 27.207 Thread 0x0000019b798cb2a0 Exception <a 'java/lang/IncompatibleClassChangeError'{0x00000000c449dca0}: Found class java.lang.Object, but interface was expected> (0x00000000c449dca0) 
thrown [s\src\hotspot\share\interpreter\linkResolver.cpp, line 826]
Event: 27.228 Thread 0x0000019b798cb2a0 Implicit null exception at 0x0000019b0f670040 to 0x0000019b0f670250
Event: 27.655 Thread 0x0000019b798cb2a0 Exception <a 'java/lang/NoSuchMethodError'{0x00000000c546ed98}: 'java.lang.Object java.lang.invoke.DirectMethodHandle$Holder.newInvokeSpecial(java.lang.Object, java.lang.Object, int, java.lang.Object, java.lang.Object)'> (0x00000000c546ed98) 
thrown [s\src\hotspot\share\interpreter\linkResolver.cpp, line 759]
Event: 27.657 Thread 0x0000019b798cb2a0 Exception <a 'java/lang/NoSuchMethodError'{0x00000000c547a8d0}: 'java.lang.Object java.lang.invoke.DirectMethodHandle$Holder.invokeSpecial(java.lang.Object, java.lang.Object, int, java.lang.Object, int, java.lang.Object)'> (0x00000000c547a8d0) 
thrown [s\src\hotspot\share\interpreter\linkResolver.cpp, line 759]
Event: 27.658 Thread 0x0000019b798cb2a0 Exception <a 'java/lang/NoSuchMethodError'{0x00000000c5482b60}: 'java.lang.Object java.lang.invoke.DirectMethodHandle$Holder.newInvokeSpecial(java.lang.Object, java.lang.Object, int, java.lang.Object, int)'> (0x00000000c5482b60) 
thrown [s\src\hotspot\share\interpreter\linkResolver.cpp, line 759]
Event: 27.659 Thread 0x0000019b798cb2a0 Exception <a 'java/lang/NoSuchMethodError'{0x00000000c5487168}: 'java.lang.Object java.lang.invoke.DirectMethodHandle$Holder.invokeSpecial(java.lang.Object, java.lang.Object, java.lang.Object, int, java.lang.Object, int)'> (0x00000000c5487168) 
thrown [s\src\hotspot\share\interpreter\linkResolver.cpp, line 759]
Event: 27.941 Thread 0x0000019b798cb2a0 Exception <a 'java/lang/reflect/InvocationTargetException'{0x00000000c51324b8}> (0x00000000c51324b8) 
thrown [s\src\hotspot\share\runtime\reflection.cpp, line 1121]
Event: 27.972 Thread 0x0000019b798cb2a0 Exception <a 'java/lang/NoSuchMethodError'{0x00000000c51552a0}: 'void java.lang.invoke.DirectMethodHandle$Holder.invokeStatic(java.lang.Object, long)'> (0x00000000c51552a0) 
thrown [s\src\hotspot\share\interpreter\linkResolver.cpp, line 759]
Event: 27.973 Thread 0x0000019b798cb2a0 Exception <a 'java/lang/NoSuchMethodError'{0x00000000c515ac18}: 'java.lang.Object java.lang.invoke.DirectMethodHandle$Holder.newInvokeSpecial(java.lang.Object, long)'> (0x00000000c515ac18) 
thrown [s\src\hotspot\share\interpreter\linkResolver.cpp, line 759]

VM Operations (20 events):
Event: 25.497 Executing VM operation: G1Concurrent
Event: 25.497 Executing VM operation: G1Concurrent done
Event: 26.047 Executing VM operation: HandshakeAllThreads
Event: 26.047 Executing VM operation: HandshakeAllThreads done
Event: 26.151 Executing VM operation: HandshakeAllThreads
Event: 26.151 Executing VM operation: HandshakeAllThreads done
Event: 26.630 Executing VM operation: G1CollectForAllocation
Event: 26.645 Executing VM operation: G1CollectForAllocation done
Event: 26.982 Executing VM operation: HandshakeAllThreads
Event: 26.982 Executing VM operation: HandshakeAllThreads done
Event: 27.449 Executing VM operation: G1CollectForAllocation
Event: 27.468 Executing VM operation: G1CollectForAllocation done
Event: 27.563 Executing VM operation: G1Concurrent
Event: 27.572 Executing VM operation: G1Concurrent done
Event: 27.615 Executing VM operation: G1Concurrent
Event: 27.616 Executing VM operation: G1Concurrent done
Event: 28.620 Executing VM operation: Cleanup
Event: 28.620 Executing VM operation: Cleanup done
Event: 29.127 Executing VM operation: HandshakeAllThreads
Event: 29.127 Executing VM operation: HandshakeAllThreads done

Events (20 events):
Event: 27.950 loading class java/util/jar/JarInputStream
Event: 27.950 loading class java/util/zip/ZipInputStream
Event: 27.951 loading class java/util/zip/ZipInputStream done
Event: 27.951 loading class java/util/jar/JarInputStream done
Event: 27.951 loading class java/io/PushbackInputStream
Event: 27.952 loading class java/io/PushbackInputStream done
Event: 27.954 loading class sun/security/util/ManifestEntryVerifier
Event: 27.954 loading class sun/security/util/ManifestEntryVerifier done
Event: 27.959 loading class java/lang/ProcessBuilder
Event: 27.960 loading class java/lang/ProcessBuilder done
Event: 27.960 loading class java/lang/ProcessImpl
Event: 27.961 loading class java/lang/ProcessImpl done
Event: 27.973 loading class java/lang/ProcessImpl$2
Event: 27.974 loading class java/lang/ProcessImpl$2 done
Event: 27.974 loading class java/lang/Process$PipeInputStream
Event: 27.974 loading class java/lang/Process$PipeInputStream done
Event: 27.974 loading class jdk/internal/event/ProcessStartEvent
Event: 27.975 loading class jdk/internal/event/Event
Event: 27.977 loading class jdk/internal/event/Event done
Event: 27.977 loading class jdk/internal/event/ProcessStartEvent done


Dynamic libraries:
0x00007ff7308c0000 - 0x00007ff7308cd000 	C:\Users\Andrés\.jdks\corretto-17.0.5\bin\java.exe
0x00007ffac82d0000 - 0x00007ffac84c8000 	C:\WINDOWS\SYSTEM32\ntdll.dll
0x00007ffac81d0000 - 0x00007ffac828d000 	C:\WINDOWS\System32\KERNEL32.DLL
0x00007ffac5f90000 - 0x00007ffac6286000 	C:\WINDOWS\System32\KERNELBASE.dll
0x00007ffac5d70000 - 0x00007ffac5e70000 	C:\WINDOWS\System32\ucrtbase.dll
0x00007ffab4750000 - 0x00007ffab4767000 	C:\Users\Andrés\.jdks\corretto-17.0.5\bin\jli.dll
0x00007ffac6640000 - 0x00007ffac67de000 	C:\WINDOWS\System32\USER32.dll
0x00007ffab3650000 - 0x00007ffab3665000 	C:\Users\Andrés\.jdks\corretto-17.0.5\bin\VCRUNTIME140.dll
0x00007ffac5b70000 - 0x00007ffac5b92000 	C:\WINDOWS\System32\win32u.dll
0x00007ffac6c80000 - 0x00007ffac6cab000 	C:\WINDOWS\System32\GDI32.dll
0x00007ffac5e70000 - 0x00007ffac5f87000 	C:\WINDOWS\System32\gdi32full.dll
0x00007ffab3280000 - 0x00007ffab351a000 	C:\WINDOWS\WinSxS\amd64_microsoft.windows.common-controls_6595b64144ccf1df_6.0.19041.3636_none_60b6a03d71f818d5\COMCTL32.dll
0x00007ffac5990000 - 0x00007ffac5a2d000 	C:\WINDOWS\System32\msvcp_win.dll
0x00007ffac76a0000 - 0x00007ffac773e000 	C:\WINDOWS\System32\msvcrt.dll
0x00007ffac6b60000 - 0x00007ffac6b92000 	C:\WINDOWS\System32\IMM32.DLL
0x00007ffa9f7a0000 - 0x00007ffa9f83b000 	C:\Users\Andrés\.jdks\corretto-17.0.5\bin\msvcp140.dll
0x00007ffa84eb0000 - 0x00007ffa85ac4000 	C:\Users\Andrés\.jdks\corretto-17.0.5\bin\server\jvm.dll
0x00007ffac6310000 - 0x00007ffac63c3000 	C:\WINDOWS\System32\ADVAPI32.dll
0x00007ffac7600000 - 0x00007ffac769f000 	C:\WINDOWS\System32\sechost.dll
0x00007ffac6a30000 - 0x00007ffac6b56000 	C:\WINDOWS\System32\RPCRT4.dll
0x00007ffac62e0000 - 0x00007ffac6307000 	C:\WINDOWS\System32\bcrypt.dll
0x00007ffac40a0000 - 0x00007ffac40a9000 	C:\WINDOWS\SYSTEM32\WSOCK32.dll
0x00007ffac6ba0000 - 0x00007ffac6c0b000 	C:\WINDOWS\System32\WS2_32.dll
0x00007ffab1e80000 - 0x00007ffab1ea7000 	C:\WINDOWS\SYSTEM32\WINMM.dll
0x00007ffabefb0000 - 0x00007ffabefba000 	C:\WINDOWS\SYSTEM32\VERSION.dll
0x00007ffac41d0000 - 0x00007ffac41e2000 	C:\WINDOWS\SYSTEM32\kernel.appcore.dll
0x00007ffabefd0000 - 0x00007ffabefda000 	C:\Users\Andrés\.jdks\corretto-17.0.5\bin\jimage.dll
0x00007ffac36f0000 - 0x00007ffac38d4000 	C:\WINDOWS\SYSTEM32\DBGHELP.DLL
0x00007ffaaedc0000 - 0x00007ffaaedf4000 	C:\WINDOWS\SYSTEM32\dbgcore.DLL
0x00007ffac5ae0000 - 0x00007ffac5b62000 	C:\WINDOWS\System32\bcryptPrimitives.dll
0x00007ffabfcf0000 - 0x00007ffabfcfe000 	C:\Users\Andrés\.jdks\corretto-17.0.5\bin\instrument.dll
0x00007ffab3620000 - 0x00007ffab3645000 	C:\Users\Andrés\.jdks\corretto-17.0.5\bin\java.dll
0x00007ffa8e8d0000 - 0x00007ffa8e9a6000 	C:\Users\Andrés\.jdks\corretto-17.0.5\bin\jsvml.dll
0x00007ffac6d30000 - 0x00007ffac7475000 	C:\WINDOWS\System32\SHELL32.dll
0x00007ffac3900000 - 0x00007ffac409c000 	C:\WINDOWS\SYSTEM32\windows.storage.dll
0x00007ffac7cc0000 - 0x00007ffac8014000 	C:\WINDOWS\System32\combase.dll
0x00007ffac52f0000 - 0x00007ffac531e000 	C:\WINDOWS\SYSTEM32\Wldp.dll
0x00007ffac67e0000 - 0x00007ffac68ad000 	C:\WINDOWS\System32\OLEAUT32.dll
0x00007ffac6580000 - 0x00007ffac662d000 	C:\WINDOWS\System32\SHCORE.dll
0x00007ffac6500000 - 0x00007ffac6555000 	C:\WINDOWS\System32\shlwapi.dll
0x00007ffac58c0000 - 0x00007ffac58e5000 	C:\WINDOWS\SYSTEM32\profapi.dll
0x00007ffab20e0000 - 0x00007ffab20f8000 	C:\Users\Andrés\.jdks\corretto-17.0.5\bin\zip.dll
0x00007ffab2ca0000 - 0x00007ffab2cb9000 	C:\Users\Andrés\.jdks\corretto-17.0.5\bin\net.dll
0x00007ffab73d0000 - 0x00007ffab74da000 	C:\WINDOWS\SYSTEM32\WINHTTP.dll
0x00007ffac5050000 - 0x00007ffac50ba000 	C:\WINDOWS\system32\mswsock.dll
0x00007ffab22b0000 - 0x00007ffab22c5000 	C:\Users\Andrés\.jdks\corretto-17.0.5\bin\nio.dll
0x00007ffaa4690000 - 0x00007ffaa46aa000 	C:\Program Files\JetBrains\IntelliJ IDEA 2022.2.3\bin\breakgen64.dll
0x00007ffab4af0000 - 0x00007ffab4afe000 	C:\Users\Andrés\.jdks\corretto-17.0.5\bin\sunmscapi.dll
0x00007ffac5ba0000 - 0x00007ffac5cfd000 	C:\WINDOWS\System32\CRYPT32.dll
0x00007ffac5360000 - 0x00007ffac5388000 	C:\WINDOWS\SYSTEM32\ncrypt.dll
0x00007ffac5320000 - 0x00007ffac535b000 	C:\WINDOWS\SYSTEM32\NTASN1.dll
0x00007ffac4d80000 - 0x00007ffac4e4b000 	C:\WINDOWS\SYSTEM32\DNSAPI.dll
0x00007ffac4d40000 - 0x00007ffac4d7b000 	C:\WINDOWS\SYSTEM32\IPHLPAPI.DLL
0x00007ffac6c10000 - 0x00007ffac6c18000 	C:\WINDOWS\System32\NSI.dll
0x00007ffab3590000 - 0x00007ffab359a000 	C:\Windows\System32\rasadhlp.dll
0x00007ffab3dd0000 - 0x00007ffab3e50000 	C:\WINDOWS\System32\fwpuclnt.dll
0x00007ffab4a60000 - 0x00007ffab4a69000 	C:\Users\Andrés\.jdks\corretto-17.0.5\bin\management.dll
0x00007ffaa5ba0000 - 0x00007ffaa5bab000 	C:\Users\Andrés\.jdks\corretto-17.0.5\bin\management_ext.dll
0x00007ffac6a20000 - 0x00007ffac6a28000 	C:\WINDOWS\System32\PSAPI.DLL
0x00007ffac5240000 - 0x00007ffac5258000 	C:\WINDOWS\SYSTEM32\CRYPTSP.dll
0x00007ffac4980000 - 0x00007ffac49b4000 	C:\WINDOWS\system32\rsaenh.dll
0x00007ffac5840000 - 0x00007ffac586e000 	C:\WINDOWS\SYSTEM32\USERENV.dll
0x00007ffac5260000 - 0x00007ffac526c000 	C:\WINDOWS\SYSTEM32\CRYPTBASE.dll
0x00007ffabb0e0000 - 0x00007ffabb0f7000 	C:\WINDOWS\SYSTEM32\dhcpcsvc6.DLL
0x00007ffabc720000 - 0x00007ffabc73d000 	C:\WINDOWS\SYSTEM32\dhcpcsvc.DLL
0x00007ffabb070000 - 0x00007ffabb080000 	C:\Users\Andrés\.jdks\corretto-17.0.5\bin\verify.dll

dbghelp: loaded successfully - version: 4.0.5 - missing functions: none
symbol engine: initialized successfully - sym options: 0x614 - pdb path: .;C:\Users\Andrés\.jdks\corretto-17.0.5\bin;C:\WINDOWS\SYSTEM32;C:\WINDOWS\WinSxS\amd64_microsoft.windows.common-controls_6595b64144ccf1df_6.0.19041.3636_none_60b6a03d71f818d5;C:\Users\Andrés\.jdks\corretto-17.0.5\bin\server;C:\Program Files\JetBrains\IntelliJ IDEA 2022.2.3\bin

VM Arguments:
jvm_args: -ea -Didea.test.cyclic.buffer.size=1048576 -javaagent:C:\Program Files\JetBrains\IntelliJ IDEA 2022.2.3\lib\idea_rt.jar=53419:C:\Program Files\JetBrains\IntelliJ IDEA 2022.2.3\bin -Dfile.encoding=UTF-8 
java_command: com.intellij.rt.junit.JUnitStarter -ideVersion5 -junit5 co.edu.icesi.viajes.icesiviajes.icesiviajes.Service.TipoDestinoTest
java_class_path (initial): C:\Users\Andrés\.m2\repository\org\junit\platform\junit-platform-launcher\1.10.1\junit-platform-launcher-1.10.1.jar;C:\Program Files\JetBrains\IntelliJ IDEA 2022.2.3\lib\idea_rt.jar;C:\Program Files\JetBrains\IntelliJ IDEA 2022.2.3\plugins\junit\lib\junit5-rt.jar;C:\Program Files\JetBrains\IntelliJ IDEA 2022.2.3\plugins\junit\lib\junit-rt.jar;C:\Users\Andrés\OneDrive - Universidad Icesi (@icesi.edu.co)\Escritorio\Compunet 2\icesi-viajes\target\test-classes;C:\Users\Andrés\OneDrive - Universidad Icesi (@icesi.edu.co)\Escritorio\Compunet 2\icesi-viajes\target\classes;C:\Users\Andrés\.m2\repository\org\postgresql\postgresql\42.6.0\postgresql-42.6.0.jar;C:\Users\Andrés\.m2\repository\org\checkerframework\checker-qual\3.31.0\checker-qual-3.31.0.jar;C:\Users\Andrés\.m2\repository\org\springframework\boot\spring-boot-starter-data-jpa\3.2.2\spring-boot-starter-data-jpa-3.2.2.jar;C:\Users\Andrés\.m2\repository\org\springframework\boot\spring-boot-starter-aop\3.2.2\spring-boot-starter-aop-3.2.2.jar;C:\Users\Andrés\.m2\repository\org\springframework\spring-aop\6.1.3\spring-aop-6.1.3.jar;C:\Users\Andrés\.m2\repository\org\aspectj\aspectjweaver\1.9.21\aspectjweaver-1.9.21.jar;C:\Users\Andrés\.m2\repository\org\springframework\boot\spring-boot-starter-jdbc\3.2.2\spring-boot-starter-jdbc-3.2.2.jar;C:\Users\Andrés\.m2\repository\com\zaxxer\HikariCP\5.0.1\HikariCP-5.0.1.jar;C:\Users\Andrés\.m2\repository\org\springframework\spring-jdbc\6.1.3\spring-jdbc-6.1.3.jar;C:\Users\Andrés\.m2\repository\org\hibernate\orm\hibernate-core\6.4.1.Final\hibernate-core-6.4.1.Final.jar;C:\Users\Andrés\.m2\repository\jakarta\persistence\jakarta.persistence-api\3.1.0\jakarta.persistence-api-3.1.0.jar;C:\Users\Andrés\.m2\repository\jakarta\transaction\jakarta.transaction-api\2.0.1\jakarta.transaction-api-2.0.1.jar;C:\Users\Andrés\.m2\repository\org\jboss\logging\jboss-logging\3.5.3.Final\jboss-logging-3.5.3.Final.jar;C:\Users\Andrés\.m2\repository\org\hibernate\common\hibern
Launcher Type: SUN_STANDARD

[Global flags]
     intx CICompilerCount                          = 3                                         {product} {ergonomic}
     uint ConcGCThreads                            = 1                                         {product} {ergonomic}
     uint G1ConcRefinementThreads                  = 4                                         {product} {ergonomic}
   size_t G1HeapRegionSize                         = 1048576                                   {product} {ergonomic}
    uintx GCDrainStackTargetSize                   = 64                                        {product} {ergonomic}
   size_t InitialHeapSize                          = 67108864                                  {product} {ergonomic}
   size_t MarkStackSize                            = 4194304                                   {product} {ergonomic}
   size_t MaxHeapSize                              = 1046478848                                {product} {ergonomic}
   size_t MaxNewSize                               = 627048448                                 {product} {ergonomic}
   size_t MinHeapDeltaBytes                        = 1048576                                   {product} {ergonomic}
   size_t MinHeapSize                              = 8388608                                   {product} {ergonomic}
    uintx NonNMethodCodeHeapSize                   = 5832780                                {pd product} {ergonomic}
    uintx NonProfiledCodeHeapSize                  = 122912730                              {pd product} {ergonomic}
    uintx ProfiledCodeHeapSize                     = 122912730                              {pd product} {ergonomic}
    uintx ReservedCodeCacheSize                    = 251658240                              {pd product} {ergonomic}
     bool SegmentedCodeCache                       = true                                      {product} {ergonomic}
   size_t SoftMaxHeapSize                          = 1046478848                             {manageable} {ergonomic}
     bool UseCompressedClassPointers               = true                           {product lp64_product} {ergonomic}
     bool UseCompressedOops                        = true                           {product lp64_product} {ergonomic}
     bool UseG1GC                                  = true                                      {product} {ergonomic}
     bool UseLargePagesIndividualAllocation        = false                                  {pd product} {ergonomic}

Logging:
Log output configuration:
 #0: stdout all=warning uptime,level,tags
 #1: stderr all=off uptime,level,tags

Environment Variables:
JAVA_HOME=C:\Program Files\Java\jdk-11
PATH=C:\Program Files\Common Files\Oracle\Java\javapath;C:\Program Files (x86)\Common Files\Oracle\Java\javapath;C:\WINDOWS\system32;C:\WINDOWS;C:\WINDOWS\System32\Wbem;C:\WINDOWS\System32\WindowsPowerShell\v1.0\;C:\WINDOWS\System32\OpenSSH\;C:\Program Files\Git\cmd;C:\Program Files (x86)\sbt\bin;C:\Program Files\dotnet\;C:\Program Files (x86)\Windows Kits\10\Windows Performance Toolkit\;C:\Program Files (x86)\ZeroTier\One\;C:\Program Files\ZeroC\Ice-3.7.10\bin;C:\Program Files\Docker\Docker\resources\bin;C:\Users\Andrés\AppData\Local\Microsoft\WindowsApps;C:\Users\Andrés\AppData\Local\Programs\Microsoft VS Code\bin;C:\Users\Andrés\AppData\Local\GitHubDesktop\bin;C:\Users\Andrés\OneDrive - Universidad Icesi (@icesi.edu.co)\Escritorio;C:\Users\Andrés\AppData\Local\Coursier\data\bin;C:\Program Files\Java\jre1.8.0_361;C:\Users\Andrés\.dotnet\tools;C:\Users\Andrés\AppData\Local\Packages\PythonSoftwareFoundation.Python.3.11_qbz5n2kfra8p0\LocalCache\local-packages\Python311\Scripts;C:\Program Files (x86)\Nmap;C:\Users\Andrés\OneDrive - Universidad Icesi (@icesi.edu.co)\Escritorio\gradle-7.0\bin;
USERNAME=Andrés
OS=Windows_NT
PROCESSOR_IDENTIFIER=Intel64 Family 6 Model 78 Stepping 3, GenuineIntel
TMP=C:\Users\ANDRS~1\AppData\Local\Temp
TEMP=C:\Users\ANDRS~1\AppData\Local\Temp



---------------  S Y S T E M  ---------------

OS:
 Windows 10 , 64 bit Build 19041 (10.0.19041.3636)
OS uptime: 0 days 13:35 hours

CPU: total 4 (initial active 4) (2 cores per cpu, 2 threads per core) family 6 model 78 stepping 3 microcode 0xcc, cx8, cmov, fxsr, ht, mmx, 3dnowpref, sse, sse2, sse3, ssse3, sse4.1, sse4.2, popcnt, lzcnt, tsc, tscinvbit, avx, avx2, aes, erms, clmul, bmi1, bmi2, rtm, adx, fma, vzeroupper, clflush, clflushopt

Memory: 4k page, system-wide physical 3984M (271M free)
TotalPageFile size 8496M (AvailPageFile size 0M)
current process WorkingSet (physical memory assigned to process): 217M, peak: 222M
current process commit charge ("private bytes"): 254M, peak: 260M

vm_info: OpenJDK 64-Bit Server VM (17.0.5+8-LTS) for windows-amd64 JRE (17.0.5+8-LTS), built on Oct 13 2022 05:18:14 by "Administrator" with MS VC++ 15.9 (VS2017)

END.
